TN:
SF:server.js
FN:23,(anonymous_0)
FN:33,(anonymous_1)
FN:35,(anonymous_2)
FN:39,(anonymous_3)
FNF:4
FNH:0
FNDA:0,(anonymous_0)
FNDA:0,(anonymous_1)
FNDA:0,(anonymous_2)
FNDA:0,(anonymous_3)
DA:1,2
DA:2,2
DA:3,2
DA:4,2
DA:5,2
DA:6,2
DA:8,2
DA:10,2
DA:13,2
DA:14,2
DA:17,2
DA:20,2
DA:23,2
DA:24,0
DA:28,2
DA:31,2
DA:32,0
DA:34,0
DA:35,0
DA:36,0
DA:39,0
LF:21
LH:15
BRDA:31,0,0,0
BRDA:31,0,1,2
BRDA:35,1,0,0
BRDA:35,1,1,0
BRDA:36,2,0,0
BRDA:36,2,1,0
BRF:6
BRH:1
end_of_record
TN:
SF:controllers\eventController.js
FN:4,(anonymous_0)
FN:14,(anonymous_1)
FN:24,(anonymous_2)
FN:35,(anonymous_3)
FN:45,(anonymous_4)
FNF:5
FNH:5
FNDA:3,(anonymous_0)
FNDA:1,(anonymous_1)
FNDA:1,(anonymous_2)
FNDA:1,(anonymous_3)
FNDA:1,(anonymous_4)
DA:1,3
DA:4,3
DA:5,3
DA:6,3
DA:7,3
DA:9,0
DA:14,3
DA:15,1
DA:16,1
DA:17,1
DA:19,0
DA:24,3
DA:25,1
DA:26,1
DA:27,1
DA:28,1
DA:30,0
DA:35,3
DA:36,1
DA:37,1
DA:38,1
DA:40,0
DA:45,3
DA:46,1
DA:47,1
DA:48,1
DA:50,0
LF:27
LH:22
BRDA:27,0,0,0
BRDA:27,0,1,1
BRF:2
BRH:1
end_of_record
TN:
SF:models\Event.js
FNF:0
FNH:0
DA:1,3
DA:3,3
DA:11,3
LF:3
LH:3
BRF:0
BRH:0
end_of_record
TN:
SF:routes\eventRoutes.js
FNF:0
FNH:0
DA:1,2
DA:2,2
DA:9,2
DA:11,2
DA:12,2
DA:13,2
DA:14,2
DA:15,2
DA:17,2
LF:9
LH:9
BRF:0
BRH:0
end_of_record
